<?xml version="1.0" encoding="UTF-8"?>
<testsuites name="Mocha Tests" time="12.4250" tests="6" failures="0">
  <testsuite name="Root Suite" timestamp="2022-04-19T13:41:12" tests="0" file="cypress/integration/2-advanced-examples/network_requests.spec.js" time="0.0000" failures="0">
  </testsuite>
  <testsuite name="Network Requests" timestamp="2022-04-19T13:41:12" tests="6" time="12.4250" failures="0">
    <testcase name="Network Requests cy.request() - make an XHR request" time="4.7820" classname="cy.request() - make an XHR request">
    </testcase>
    <testcase name="Network Requests cy.request() - verify response using BDD syntax" time="2.1860" classname="cy.request() - verify response using BDD syntax">
    </testcase>
    <testcase name="Network Requests cy.request() with query parameters" time="0.8140" classname="cy.request() with query parameters">
    </testcase>
    <testcase name="Network Requests cy.request() - pass result to the second request" time="1.1970" classname="cy.request() - pass result to the second request">
    </testcase>
    <testcase name="Network Requests cy.request() - save response in the shared test context" time="1.3860" classname="cy.request() - save response in the shared test context">
    </testcase>
    <testcase name="Network Requests cy.intercept() - route responses to matching requests" time="2.0600" classname="cy.intercept() - route responses to matching requests">
    </testcase>
  </testsuite>
</testsuites>