<?xml version="1.0" encoding="UTF-8"?>
<testsuites name="Mocha Tests" time="20.0610" tests="1" failures="0">
  <testsuite name="Root Suite" timestamp="2022-05-02T18:22:53" tests="0" file="cypress/integration/specs/ping.spec.ts" time="0.0000" failures="0">
  </testsuite>
  <testsuite name="Ping test" timestamp="2022-05-02T18:22:53" tests="1" time="20.0610" failures="0">
    <testcase name="Ping test Ping web page" time="20.0610" classname="Ping web page">
    </testcase>
  </testsuite>
</testsuites>