<?xml version="1.0" encoding="UTF-8"?>
<testsuites name="Mocha Tests" time="4.5580" tests="2" failures="0">
  <testsuite name="Root Suite" timestamp="2022-04-19T13:38:07" tests="0" file="cypress/integration/2-advanced-examples/aliasing.spec.js" time="0.0000" failures="0">
  </testsuite>
  <testsuite name="Aliasing" timestamp="2022-04-19T13:38:07" tests="2" time="4.5580" failures="0">
    <testcase name="Aliasing .as() - alias a DOM element for later use" time="2.0170" classname=".as() - alias a DOM element for later use">
    </testcase>
    <testcase name="Aliasing .as() - alias a route for later use" time="2.5410" classname=".as() - alias a route for later use">
    </testcase>
  </testsuite>
</testsuites>