<?xml version="1.0" encoding="UTF-8"?>
<testsuites name="Mocha Tests" time="4.4140" tests="1" failures="0">
  <testsuite name="Root Suite" timestamp="2022-04-19T13:42:40" tests="0" file="cypress/integration/2-advanced-examples/viewport.spec.js" time="0.0000" failures="0">
  </testsuite>
  <testsuite name="Viewport" timestamp="2022-04-19T13:42:40" tests="1" time="4.4140" failures="0">
    <testcase name="Viewport cy.viewport() - set the viewport size and dimension" time="4.4140" classname="cy.viewport() - set the viewport size and dimension">
    </testcase>
  </testsuite>
</testsuites>