<?xml version="1.0" encoding="UTF-8"?>
<testsuites name="Mocha Tests" time="2.1000" tests="5" failures="0">
  <testsuite name="Root Suite" timestamp="2022-05-02T18:20:02" tests="0" file="cypress/integration/2-advanced-examples/cookies.spec.js" time="0.0000" failures="0">
  </testsuite>
  <testsuite name="Cookies" timestamp="2022-05-02T18:20:02" tests="5" time="2.1000" failures="0">
    <testcase name="Cookies cy.getCookie() - get a browser cookie" time="0.8000" classname="cy.getCookie() - get a browser cookie">
    </testcase>
    <testcase name="Cookies cy.getCookies() - get browser cookies" time="0.3170" classname="cy.getCookies() - get browser cookies">
    </testcase>
    <testcase name="Cookies cy.setCookie() - set a browser cookie" time="0.2490" classname="cy.setCookie() - set a browser cookie">
    </testcase>
    <testcase name="Cookies cy.clearCookie() - clear a browser cookie" time="0.3910" classname="cy.clearCookie() - clear a browser cookie">
    </testcase>
    <testcase name="Cookies cy.clearCookies() - clear browser cookies" time="0.3430" classname="cy.clearCookies() - clear browser cookies">
    </testcase>
  </testsuite>
</testsuites>