<?xml version="1.0" encoding="UTF-8"?>
<testsuites name="Mocha Tests" time="3.0950" tests="12" failures="1">
  <testsuite name="Root Suite" timestamp="2022-05-02T18:20:08" tests="0" file="cypress/integration/2-advanced-examples/cypress_api.spec.js" time="0.0000" failures="0">
  </testsuite>
  <testsuite name="Cypress.Commands" timestamp="2022-05-02T18:20:08" tests="1" time="1.0300" failures="0">
    <testcase name="Cypress.Commands .add() - create a custom command" time="1.0300" classname=".add() - create a custom command">
    </testcase>
  </testsuite>
  <testsuite name="Cypress.Cookies" timestamp="2022-05-02T18:20:11" tests="3" time="0.6610" failures="0">
    <testcase name="Cypress.Cookies .debug() - enable or disable debugging" time="0.2860" classname=".debug() - enable or disable debugging">
    </testcase>
    <testcase name="Cypress.Cookies .preserveOnce() - preserve cookies by key" time="0.2370" classname=".preserveOnce() - preserve cookies by key">
    </testcase>
    <testcase name="Cypress.Cookies .defaults() - set defaults for all cookies" time="0.1380" classname=".defaults() - set defaults for all cookies">
    </testcase>
  </testsuite>
  <testsuite name="Cypress.arch" timestamp="2022-05-02T18:20:12" tests="1" time="0.1590" failures="0">
    <testcase name="Cypress.arch Get CPU architecture name of underlying OS" time="0.1590" classname="Get CPU architecture name of underlying OS">
    </testcase>
  </testsuite>
  <testsuite name="Cypress.config()" timestamp="2022-05-02T18:20:12" tests="1" time="0.0000" failures="1">
    <testcase name="Cypress.config() Get and set configuration options" time="0.0000" classname="Get and set configuration options">
      <failure message="`cy.screenshot()` timed out waiting `30000ms` to complete." type="CypressError"><![CDATA[CypressError: `cy.screenshot()` timed out waiting `30000ms` to complete.
    at https://example.cypress.io/__cypress/runner/cypress_runner.js:160811:81
    at tryCatcher (https://example.cypress.io/__cypress/runner/cypress_runner.js:13022:23)
    at https://example.cypress.io/__cypress/runner/cypress_runner.js:8144:41
    at tryCatcher (https://example.cypress.io/__cypress/runner/cypress_runner.js:13022:23)
    at Promise._settlePromiseFromHandler (https://example.cypress.io/__cypress/runner/cypress_runner.js:10957:31)
    at Promise._settlePromise (https://example.cypress.io/__cypress/runner/cypress_runner.js:11014:18)
    at Promise._settlePromise0 (https://example.cypress.io/__cypress/runner/cypress_runner.js:11059:10)
    at Promise._settlePromises (https://example.cypress.io/__cypress/runner/cypress_runner.js:11135:18)
    at _drainQueueStep (https://example.cypress.io/__cypress/runner/cypress_runner.js:7729:12)
    at _drainQueue (https://example.cypress.io/__cypress/runner/cypress_runner.js:7722:9)
    at Async.../../node_modules/bluebird/js/release/async.js.Async._drainQueues (https://example.cypress.io/__cypress/runner/cypress_runner.js:7738:5)
    at Async.drainQueues (https://example.cypress.io/__cypress/runner/cypress_runner.js:7608:14)]]></failure>
    </testcase>
  </testsuite>
  <testsuite name="Cypress.dom" timestamp="2022-05-02T18:20:42" tests="1" time="0.3150" failures="0">
    <testcase name="Cypress.dom .isHidden() - determine if a DOM element is hidden" time="0.3150" classname=".isHidden() - determine if a DOM element is hidden">
    </testcase>
  </testsuite>
  <testsuite name="Cypress.env()" timestamp="2022-05-02T18:20:42" tests="1" time="0.1900" failures="0">
    <testcase name="Cypress.env() Get environment variables" time="0.1900" classname="Get environment variables">
    </testcase>
  </testsuite>
  <testsuite name="Cypress.log" timestamp="2022-05-02T18:20:42" tests="1" time="0.1860" failures="0">
    <testcase name="Cypress.log Control what is printed to the Command Log" time="0.1860" classname="Control what is printed to the Command Log">
    </testcase>
  </testsuite>
  <testsuite name="Cypress.platform" timestamp="2022-05-02T18:20:43" tests="1" time="0.1890" failures="0">
    <testcase name="Cypress.platform Get underlying OS name" time="0.1890" classname="Get underlying OS name">
    </testcase>
  </testsuite>
  <testsuite name="Cypress.version" timestamp="2022-05-02T18:20:43" tests="1" time="0.1890" failures="0">
    <testcase name="Cypress.version Get current version of Cypress being run" time="0.1890" classname="Get current version of Cypress being run">
    </testcase>
  </testsuite>
  <testsuite name="Cypress.spec" timestamp="2022-05-02T18:20:43" tests="1" time="0.1760" failures="0">
    <testcase name="Cypress.spec Get current spec information" time="0.1760" classname="Get current spec information">
    </testcase>
  </testsuite>
</testsuites>