<?xml version="1.0" encoding="UTF-8"?>
<testsuites name="Mocha Tests" time="7.4650" tests="5" failures="0">
  <testsuite name="Root Suite" timestamp="2022-04-19T13:41:32" tests="0" file="cypress/integration/2-advanced-examples/querying.spec.js" time="0.0000" failures="0">
  </testsuite>
  <testsuite name="Querying" timestamp="2022-04-19T13:41:32" tests="5" time="7.4650" failures="0">
    <testcase name="Querying cy.get() - query DOM elements" time="3.9480" classname="cy.get() - query DOM elements">
    </testcase>
    <testcase name="Querying cy.contains() - query DOM elements with matching content" time="0.9210" classname="cy.contains() - query DOM elements with matching content">
    </testcase>
    <testcase name="Querying .within() - query DOM elements within a specific element" time="0.6910" classname=".within() - query DOM elements within a specific element">
    </testcase>
    <testcase name="Querying cy.root() - query the root DOM element" time="0.4680" classname="cy.root() - query the root DOM element">
    </testcase>
    <testcase name="Querying best practices - selecting elements" time="1.4370" classname="best practices - selecting elements">
    </testcase>
  </testsuite>
</testsuites>